<?xml version="1.0" encoding="UTF-8"?>
<Site BuildName="(empty)"
	BuildStamp="20260116-1053-Experimental"
	Name="cl3359"
	Generator="ctest-3.22.1"
	CompilerName="/usr/bin/c++"
	CompilerVersion="11.4.0"
	OSName="Linux"
	Hostname="cl3359"
	OSRelease="6.8.0-90-generic"
	OSVersion="#91~22.04.1-Ubuntu SMP PREEMPT_DYNAMIC Thu Nov 20 15:20:45 UTC 2"
	OSPlatform="x86_64"
	Is64Bits="1"
	VendorString="AuthenticAMD"
	VendorID="Advanced Micro Devices"
	FamilyID="25"
	ModelID="80"
	ProcessorCacheSize="512"
	NumberOfLogicalCPU="16"
	NumberOfPhysicalCPU="8"
	TotalVirtualMemory="0"
	TotalPhysicalMemory="15386"
	LogicalProcessorsPerPhysical="2"
	ProcessorClockFrequency="3444.18"
	>
	<Testing>
		<StartDateTime>Jan 16 21:36 IST</StartDateTime>
		<StartTestTime>1768579608</StartTestTime>
		<TestList/>
		<EndDateTime>Jan 16 21:36 IST</EndDateTime>
		<EndTestTime>1768579608</EndTestTime>
		<ElapsedMinutes>0</ElapsedMinutes>
	</Testing>
</Site>
